2021-02-08 12:12:48,782 INFO com.springframework.samples.madaja.service.ClienteService [main] Se ha registrado un nuevo usuario
2021-02-08 12:13:14,573 INFO com.springframework.samples.madaja.service.ClienteService [main] Se ha registrado un nuevo usuario
2021-02-08 12:18:14,839 INFO com.springframework.samples.madaja.service.ClienteService [main] Se ha registrado un nuevo usuario
2021-02-08 12:19:06,284 INFO com.springframework.samples.madaja.service.ClienteService [main] Se ha registrado un nuevo usuario
2021-02-08 12:22:41,631 INFO com.springframework.samples.madaja.service.ClienteService [main] Se ha registrado un nuevo usuario
2021-02-08 12:23:23,571 INFO com.springframework.samples.madaja.service.ClienteService [main] Se ha registrado un nuevo usuario
2021-02-08 12:24:23,755 INFO com.springframework.samples.madaja.service.ClienteService [main] Se ha registrado un nuevo usuario
2021-02-08 12:26:04,547 INFO com.springframework.samples.madaja.service.ClienteService [main] Se ha registrado un nuevo usuario
2021-02-08 12:28:50,735 INFO com.springframework.samples.madaja.service.ClienteService [main] Se ha registrado un nuevo usuario
2021-02-08 12:30:09,935 INFO com.springframework.samples.madaja.service.ClienteService [main] Se ha registrado un nuevo usuario
2021-02-08 12:30:51,682 INFO com.springframework.samples.madaja.service.ClienteService [main] Se ha registrado un nuevo usuario
2021-02-08 12:31:09,273 INFO com.springframework.samples.madaja.service.ClienteService [main] Se ha registrado un nuevo usuario
2021-02-08 12:31:38,025 INFO com.springframework.samples.madaja.service.ClienteService [main] Se ha registrado un nuevo usuario
2021-02-08 12:33:19,244 INFO com.springframework.samples.madaja.service.ClienteService [main] Se ha registrado un nuevo usuario
2021-02-08 12:33:46,537 INFO com.springframework.samples.madaja.service.ClienteService [main] Se ha registrado un nuevo usuario
2021-02-08 12:34:16,386 INFO com.springframework.samples.madaja.service.ClienteService [main] Se ha registrado un nuevo usuario
2021-02-08 12:35:43,860 INFO com.springframework.samples.madaja.service.ClienteService [main] Se ha registrado un nuevo usuario
2021-02-09 19:06:50,475 INFO com.springframework.samples.madaja.service.ClienteService [main] Se ha registrado un nuevo usuario
2021-02-09 19:10:06,105 INFO com.springframework.samples.madaja.MadajaApplication [restartedMain] Starting MadajaApplication on DESKTOP-F1KLK1R with PID 8340 (C:\Users\apere\git\dp1-2020-g1-05\target\classes started by apere in C:\Users\apere\git\dp1-2020-g1-05)
2021-02-09 19:10:06,109 INFO com.springframework.samples.madaja.MadajaApplication [restartedMain] No active profile set, falling back to default profiles: default
2021-02-09 19:10:27,465 INFO com.springframework.samples.madaja.MadajaApplication [restartedMain] Started MadajaApplication in 21.943 seconds (JVM running for 22.976)
2021-02-09 19:10:49,931 INFO com.springframework.samples.madaja.web.VehiculosController [http-nio-8090-exec-5] Se realizado una consulta al vehiculo con id: 12
2021-02-09 19:10:57,097 INFO com.springframework.samples.madaja.web.VehiculosController [http-nio-8090-exec-6] Se realizado una consulta al vehiculo con id: 7
2021-02-09 19:12:46,711 INFO com.springframework.samples.madaja.MadajaApplication [restartedMain] Starting MadajaApplication on DESKTOP-F1KLK1R with PID 8340 (C:\Users\apere\git\dp1-2020-g1-05\target\classes started by apere in C:\Users\apere\git\dp1-2020-g1-05)
2021-02-09 19:12:46,712 INFO com.springframework.samples.madaja.MadajaApplication [restartedMain] No active profile set, falling back to default profiles: default
2021-02-09 19:12:52,673 INFO com.springframework.samples.madaja.MadajaApplication [restartedMain] Started MadajaApplication in 6.013 seconds (JVM running for 168.183)
2021-02-09 19:13:01,278 INFO com.springframework.samples.madaja.web.VehiculosController [http-nio-8090-exec-1] Se realizado una consulta al vehiculo con id: 4
2021-02-09 19:13:09,802 INFO com.springframework.samples.madaja.web.VehiculosController [http-nio-8090-exec-4] Se realizado una consulta al vehiculo con id: 4
2021-02-09 19:13:15,387 INFO com.springframework.samples.madaja.web.VehiculosController [http-nio-8090-exec-7] Se realizado una consulta al vehiculo con id: 42
